\BOOKMARK [1][]{section*.2}{\376\377\000I\000n\000t\000r\000o\000d\000u\000z\000i\000o\000n\000e}{}% 1
\BOOKMARK [2][]{subsection.0.1}{\376\377\000O\000b\000i\000e\000t\000t\000i\000v\000o\000\040\000d\000e\000l\000l\000a\000\040\000t\000e\000s\000i}{section*.2}% 2
\BOOKMARK [2][]{subsection.0.2}{\376\377\000S\000t\000r\000u\000t\000t\000u\000r\000a\000\040\000t\000e\000s\000i}{section*.2}% 3
\BOOKMARK [1][]{section.1}{\376\377\000D\000e\000s\000c\000r\000i\000z\000i\000o\000n\000e\000\040\000d\000e\000l\000\040\000p\000r\000o\000b\000l\000e\000m\000a}{}% 4
\BOOKMARK [2][]{subsection.1.1}{\376\377\000I\000n\000t\000r\000o\000d\000u\000z\000i\000o\000n\000e}{section.1}% 5
\BOOKMARK [2][]{subsection.1.2}{\376\377\000S\000e\000t\000t\000i\000m\000a\000n\000a\000\040\000l\000a\000v\000o\000r\000a\000t\000i\000v\000a}{section.1}% 6
\BOOKMARK [2][]{subsection.1.3}{\376\377\000T\000i\000p\000o\000l\000o\000g\000i\000a\000\040\000p\000e\000r\000s\000o\000n\000a\000l\000e\000,\000\040\000c\000a\000r\000a\000t\000t\000e\000r\000i\000s\000t\000i\000c\000h\000e\000\040\000t\000u\000r\000n\000a\000z\000i\000o\000n\000e}{section.1}% 7
\BOOKMARK [2][]{subsection.1.4}{\376\377\000R\000i\000c\000h\000i\000e\000s\000t\000e\000\040\000d\000e\000l\000\040\000c\000a\000p\000o\000r\000e\000p\000a\000r\000t\000o}{section.1}% 8
\BOOKMARK [2][]{subsection.1.5}{\376\377\000S\000k\000i\000l\000l\000\040\000d\000e\000l\000\040\000p\000e\000r\000s\000o\000n\000a\000l\000e}{section.1}% 9
\BOOKMARK [2][]{subsection.1.6}{\376\377\000P\000r\000e\000f\000e\000r\000e\000n\000z\000e\000\040\000d\000e\000l\000\040\000p\000e\000r\000s\000o\000n\000a\000l\000e}{section.1}% 10
\BOOKMARK [2][]{subsection.1.7}{\376\377\000O\000b\000i\000e\000t\000t\000i\000v\000i\000\040\000f\000i\000n\000a\000l\000i}{section.1}% 11
\BOOKMARK [1][]{section.2}{\376\377\000S\000t\000a\000t\000o\000\040\000d\000e\000l\000l\000'\000a\000r\000t\000e}{}% 12
\BOOKMARK [1][]{section.3}{\376\377\000D\000e\000f\000i\000n\000i\000z\000i\000o\000n\000e\000\040\000f\000o\000r\000m\000a\000l\000e}{}% 13
\BOOKMARK [2][]{subsection.3.1}{\376\377\000P\000r\000o\000b\000l\000e\000m\000a\000\040\000b\000a\000s\000e}{section.3}% 14
\BOOKMARK [2][]{subsection.3.2}{\376\377\000P\000r\000o\000b\000l\000e\000m\000a\000\040\000e\000s\000t\000e\000s\000o\000:\000\040\000p\000r\000i\000m\000a\000\040\000p\000a\000r\000t\000e}{section.3}% 15
\BOOKMARK [2][]{subsection.3.3}{\376\377\000F\000u\000n\000z\000i\000o\000n\000e\000\040\000o\000b\000i\000e\000t\000t\000i\000v\000o}{section.3}% 16
\BOOKMARK [1][]{section.4}{\376\377\000M\000o\000d\000e\000l\000l\000o\000\040\000m\000a\000t\000e\000m\000a\000t\000i\000c\000o}{}% 17
\BOOKMARK [2][]{subsection.4.1}{\376\377\000F\000o\000r\000m\000u\000l\000a\000z\000i\000o\000n\000e}{section.4}% 18
\BOOKMARK [1][]{appendix.Alph1}{\376\377\000A\000p\000p\000e\000n\000d\000i\000c\000e}{}% 19
\BOOKMARK [2][]{subsection.Alph1.1}{\376\377\000S\000o\000t\000t\000o\000s\000e\000z\000i\000o\000n\000e\000\040\000d\000e\000l\000l\000'\000a\000p\000p\000e\000n\000d\000i\000c\000e}{appendix.Alph1}% 20
